{
  "stats": {
    "suites": 1,
    "tests": 4,
    "passes": 4,
    "pending": 0,
    "failures": 0,
    "start": "2021-08-21T14:48:15.639Z",
    "end": "2021-08-21T14:48:45.598Z",
    "duration": 29959,
    "testsRegistered": 4,
    "passPercent": 100,
    "pendingPercent": 0,
    "other": 0,
    "hasOther": false,
    "skipped": 0,
    "hasSkipped": false
  },
  "results": [
    {
      "uuid": "dda0c5ef-ef14-4a5d-b455-95995cd636b3",
      "title": "",
      "fullFile": "cypress/integration/task1.spec.ts",
      "file": "cypress/integration/task1.spec.ts",
      "beforeHooks": [],
      "afterHooks": [],
      "tests": [],
      "suites": [
        {
          "uuid": "ba6738cb-3d6a-4569-b180-04ce6b7e3d00",
          "title": "Task 1: Functional automation for web UI testing using Cypress",
          "fullFile": "",
          "file": "",
          "beforeHooks": [],
          "afterHooks": [],
          "tests": [
            {
              "title": "TC_01",
              "fullTitle": "Task 1: Functional automation for web UI testing using Cypress TC_01",
              "timedOut": null,
              "duration": 7189,
              "state": "passed",
              "speed": "slow",
              "pass": true,
              "fail": false,
              "pending": false,
              "context": null,
              "code": "cy.navigateToApplication();\nlandPageObj.getSearchBox().type(testdata.codeAddress);\nlandPageObj.selectAddressFromCodeSearchResult(testdata.codeAddress);\ncy.screenshot();",
              "err": {},
              "uuid": "a93a26ac-4ad6-43a2-9b7c-12e53adc5301",
              "parentUUID": "ba6738cb-3d6a-4569-b180-04ce6b7e3d00",
              "isHook": false,
              "skipped": false
            },
            {
              "title": "TC_02",
              "fullTitle": "Task 1: Functional automation for web UI testing using Cypress TC_02",
              "timedOut": null,
              "duration": 6942,
              "state": "passed",
              "speed": "slow",
              "pass": true,
              "fail": false,
              "pending": false,
              "context": null,
              "code": "cy.navigateToApplication();\nlandPageObj.getSearchBox().type('Tower Bridge'); //Partial text so did not use fixtures\nlandPageObj.selectAddressFromKeywordSearchResult('Tower Bridge hotel');\ncy.screenshot();",
              "err": {},
              "uuid": "2035e46d-bc4e-45e0-a049-aec65e037bc3",
              "parentUUID": "ba6738cb-3d6a-4569-b180-04ce6b7e3d00",
              "isHook": false,
              "skipped": false
            },
            {
              "title": "TC_03",
              "fullTitle": "Task 1: Functional automation for web UI testing using Cypress TC_03",
              "timedOut": null,
              "duration": 7673,
              "state": "passed",
              "speed": "slow",
              "pass": true,
              "fail": false,
              "pending": false,
              "context": null,
              "code": "cy.navigateToApplication();\nheaderMenuObj.getHeaderMenuButton().click();\nheaderMenuObj.getLanguageSelection().click();\nheaderMenuObj.selectLanguage(testdata.language.German);\nheaderMenuObj.getHeaderMenuCloseButton();\nlandPageObj.getSearchBox().type('51.521251, -0.20358600');\nlandPageObj.selectAddressFromKeywordSearchResult('welche.tischtennis.bekannte');\ncy.screenshot();",
              "err": {},
              "uuid": "e992bb79-5662-4c3b-a38f-ae9c9c92ab57",
              "parentUUID": "ba6738cb-3d6a-4569-b180-04ce6b7e3d00",
              "isHook": false,
              "skipped": false
            },
            {
              "title": "TC_04",
              "fullTitle": "Task 1: Functional automation for web UI testing using Cypress TC_04",
              "timedOut": null,
              "duration": 7899,
              "state": "passed",
              "speed": "slow",
              "pass": true,
              "fail": false,
              "pending": false,
              "context": null,
              "code": "cy.navigateToApplication();\nlandPageObj.getSearchBox().type('hear.limited.frown.know');\nlandPageObj.verifyWarningLine1Text('No address found.');\nlandPageObj.verifyWarningLine2Text('Please try searching for the town or nearby place and zoom in to find the what3words address.');\ncy.screenshot();",
              "err": {},
              "uuid": "b95451a3-7a54-426f-b05c-4381f70bcc47",
              "parentUUID": "ba6738cb-3d6a-4569-b180-04ce6b7e3d00",
              "isHook": false,
              "skipped": false
            }
          ],
          "suites": [],
          "passes": [
            "a93a26ac-4ad6-43a2-9b7c-12e53adc5301",
            "2035e46d-bc4e-45e0-a049-aec65e037bc3",
            "e992bb79-5662-4c3b-a38f-ae9c9c92ab57",
            "b95451a3-7a54-426f-b05c-4381f70bcc47"
          ],
          "failures": [],
          "pending": [],
          "skipped": [],
          "duration": 29703,
          "root": false,
          "rootEmpty": false,
          "_timeout": 2000
        }
      ],
      "passes": [],
      "failures": [],
      "pending": [],
      "skipped": [],
      "duration": 0,
      "root": true,
      "rootEmpty": true,
      "_timeout": 2000
    }
  ],
  "meta": {
    "mocha": {
      "version": "7.0.1"
    },
    "mochawesome": {
      "options": {
        "quiet": false,
        "reportFilename": "mochawesome",
        "saveHtml": false,
        "saveJson": true,
        "consoleReporter": "spec",
        "useInlineDiffs": false,
        "code": true
      },
      "version": "6.2.2"
    },
    "marge": {
      "options": {
        "id": "default",
        "reportDir": "cypress/reports/mocha",
        "quite": true,
        "overwrite": false,
        "html": false,
        "json": true
      },
      "version": "5.2.0"
    }
  }
}