{
  "stats": {
    "suites": 8,
    "tests": 20,
    "passes": 18,
    "pending": 0,
    "failures": 2,
    "start": "2021-08-21T14:46:18.147Z",
    "end": "2021-08-21T15:22:25.556Z",
    "duration": 166788,
    "testsRegistered": 20,
    "passPercent": 90,
    "pendingPercent": 0,
    "other": 0,
    "hasOther": false,
    "skipped": 0,
    "hasSkipped": false
  },
  "results": [
    {
      "uuid": "ac06e6e3-279e-44c2-a2c3-270e59ee430f",
      "title": "",
      "fullFile": "cypress/integration/task2.spec.ts",
      "file": "cypress/integration/task2.spec.ts",
      "beforeHooks": [],
      "afterHooks": [],
      "tests": [],
      "suites": [
        {
          "uuid": "16e259c9-8e74-4cd8-9fe4-66f07a80749b",
          "title": "Task 2: Share - action tab functionality testing using Cypress",
          "fullFile": "",
          "file": "",
          "beforeHooks": [],
          "afterHooks": [],
          "tests": [
            {
              "title": "TC_05",
              "fullTitle": "Task 2: Share - action tab functionality testing using Cypress TC_05",
              "timedOut": null,
              "duration": 9021,
              "state": "passed",
              "speed": "slow",
              "pass": true,
              "fail": false,
              "pending": false,
              "context": null,
              "code": "cy.navigateToApplication();\nlandPageObj.getSearchBox().type(testdata.codeAddress);\nlandPageObj.selectAddressFromCodeSearchResult(testdata.codeAddress);\nactionsObj.getShareButton().click();\n// Setting permission in browser to read copied text. This line should be commented while running on CircleCI.\ncy.wrap(Cypress.automation('remote:debugger:protocol', {\n    command: 'Browser.grantPermissions',\n    params: {\n        permissions: ['clipboardReadWrite', 'clipboardSanitizedWrite'],\n        origin: window.location.origin,\n    },\n}));\n// Cliking the Copy button\nactionsObj.getCopyButton().click();\n// Giving permission to read clipboard\ncy.window()\n    .its('navigator.permissions')\n    .invoke('query', { name: 'clipboard-read' })\n    .its('state')\n    .then(cy.log);\n// Reading the text copied in clipboard\ncy.window()\n    .its('navigator.clipboard')\n    .invoke('readText')\n    .should('equal', 'https://w3w.co/certified.potato.vine');\n//  Share settings link & text\nactionsObj\n    .getShareSettingsLink()\n    .should('have.text', 'Customise share settings');\n//  Facebook button & text\nactionsObj\n    .getFacebookButton()\n    .children('div')\n    .should('have.text', 'Facebook');\n//  Whatsapp button & text\nactionsObj\n    .getWhatsAppButton()\n    .children('div')\n    .should('have.text', 'Whatsapp');\n//  Twitter button & text\nactionsObj\n    .getTwitterButton()\n    .children('div')\n    .should('have.text', 'Twitter');\n//  Copy Link button & text\nactionsObj\n    .getCopyLinkButton()\n    .children('div')\n    .should('have.text', 'Copy Link');\n//  Email button & text\nactionsObj.getEmailButton().children('div').should('have.text', 'Email');",
              "err": {},
              "uuid": "b58350ce-1f94-449e-b98d-b27c9272edab",
              "parentUUID": "16e259c9-8e74-4cd8-9fe4-66f07a80749b",
              "isHook": false,
              "skipped": false
            }
          ],
          "suites": [],
          "passes": [
            "b58350ce-1f94-449e-b98d-b27c9272edab"
          ],
          "failures": [],
          "pending": [],
          "skipped": [],
          "duration": 9021,
          "root": false,
          "rootEmpty": false,
          "_timeout": 2000
        }
      ],
      "passes": [],
      "failures": [],
      "pending": [],
      "skipped": [],
      "duration": 0,
      "root": true,
      "rootEmpty": true,
      "_timeout": 2000
    },
    {
      "uuid": "dda0c5ef-ef14-4a5d-b455-95995cd636b3",
      "title": "",
      "fullFile": "cypress/integration/task1.spec.ts",
      "file": "cypress/integration/task1.spec.ts",
      "beforeHooks": [],
      "afterHooks": [],
      "tests": [],
      "suites": [
        {
          "uuid": "ba6738cb-3d6a-4569-b180-04ce6b7e3d00",
          "title": "Task 1: Functional automation for web UI testing using Cypress",
          "fullFile": "",
          "file": "",
          "beforeHooks": [],
          "afterHooks": [],
          "tests": [
            {
              "title": "TC_01",
              "fullTitle": "Task 1: Functional automation for web UI testing using Cypress TC_01",
              "timedOut": null,
              "duration": 7189,
              "state": "passed",
              "speed": "slow",
              "pass": true,
              "fail": false,
              "pending": false,
              "context": null,
              "code": "cy.navigateToApplication();\nlandPageObj.getSearchBox().type(testdata.codeAddress);\nlandPageObj.selectAddressFromCodeSearchResult(testdata.codeAddress);\ncy.screenshot();",
              "err": {},
              "uuid": "a93a26ac-4ad6-43a2-9b7c-12e53adc5301",
              "parentUUID": "ba6738cb-3d6a-4569-b180-04ce6b7e3d00",
              "isHook": false,
              "skipped": false
            },
            {
              "title": "TC_02",
              "fullTitle": "Task 1: Functional automation for web UI testing using Cypress TC_02",
              "timedOut": null,
              "duration": 6942,
              "state": "passed",
              "speed": "slow",
              "pass": true,
              "fail": false,
              "pending": false,
              "context": null,
              "code": "cy.navigateToApplication();\nlandPageObj.getSearchBox().type('Tower Bridge'); //Partial text so did not use fixtures\nlandPageObj.selectAddressFromKeywordSearchResult('Tower Bridge hotel');\ncy.screenshot();",
              "err": {},
              "uuid": "2035e46d-bc4e-45e0-a049-aec65e037bc3",
              "parentUUID": "ba6738cb-3d6a-4569-b180-04ce6b7e3d00",
              "isHook": false,
              "skipped": false
            },
            {
              "title": "TC_03",
              "fullTitle": "Task 1: Functional automation for web UI testing using Cypress TC_03",
              "timedOut": null,
              "duration": 7673,
              "state": "passed",
              "speed": "slow",
              "pass": true,
              "fail": false,
              "pending": false,
              "context": null,
              "code": "cy.navigateToApplication();\nheaderMenuObj.getHeaderMenuButton().click();\nheaderMenuObj.getLanguageSelection().click();\nheaderMenuObj.selectLanguage(testdata.language.German);\nheaderMenuObj.getHeaderMenuCloseButton();\nlandPageObj.getSearchBox().type('51.521251, -0.20358600');\nlandPageObj.selectAddressFromKeywordSearchResult('welche.tischtennis.bekannte');\ncy.screenshot();",
              "err": {},
              "uuid": "e992bb79-5662-4c3b-a38f-ae9c9c92ab57",
              "parentUUID": "ba6738cb-3d6a-4569-b180-04ce6b7e3d00",
              "isHook": false,
              "skipped": false
            },
            {
              "title": "TC_04",
              "fullTitle": "Task 1: Functional automation for web UI testing using Cypress TC_04",
              "timedOut": null,
              "duration": 7899,
              "state": "passed",
              "speed": "slow",
              "pass": true,
              "fail": false,
              "pending": false,
              "context": null,
              "code": "cy.navigateToApplication();\nlandPageObj.getSearchBox().type('hear.limited.frown.know');\nlandPageObj.verifyWarningLine1Text('No address found.');\nlandPageObj.verifyWarningLine2Text('Please try searching for the town or nearby place and zoom in to find the what3words address.');\ncy.screenshot();",
              "err": {},
              "uuid": "b95451a3-7a54-426f-b05c-4381f70bcc47",
              "parentUUID": "ba6738cb-3d6a-4569-b180-04ce6b7e3d00",
              "isHook": false,
              "skipped": false
            }
          ],
          "suites": [],
          "passes": [
            "a93a26ac-4ad6-43a2-9b7c-12e53adc5301",
            "2035e46d-bc4e-45e0-a049-aec65e037bc3",
            "e992bb79-5662-4c3b-a38f-ae9c9c92ab57",
            "b95451a3-7a54-426f-b05c-4381f70bcc47"
          ],
          "failures": [],
          "pending": [],
          "skipped": [],
          "duration": 29703,
          "root": false,
          "rootEmpty": false,
          "_timeout": 2000
        }
      ],
      "passes": [],
      "failures": [],
      "pending": [],
      "skipped": [],
      "duration": 0,
      "root": true,
      "rootEmpty": true,
      "_timeout": 2000
    },
    {
      "uuid": "faee41ab-6854-483d-93c5-5710ca789482",
      "title": "",
      "fullFile": "cypress/integration/task2.spec.ts",
      "file": "cypress/integration/task2.spec.ts",
      "beforeHooks": [],
      "afterHooks": [],
      "tests": [],
      "suites": [
        {
          "uuid": "f3e6dbd5-555e-4a57-85e2-4d0889acd175",
          "title": "Task 2: Share - action tab functionality testing using Cypress",
          "fullFile": "",
          "file": "",
          "beforeHooks": [],
          "afterHooks": [],
          "tests": [
            {
              "title": "TC_05",
              "fullTitle": "Task 2: Share - action tab functionality testing using Cypress TC_05",
              "timedOut": null,
              "duration": 19180,
              "state": "failed",
              "speed": null,
              "pass": false,
              "fail": true,
              "pending": false,
              "context": null,
              "code": "cy.navigateToApplication();\nlandPageObj.getSearchBox().type(testdata.codeAddress);\nlandPageObj.selectAddressFromCodeSearchResult(testdata.codeAddress);\nactionsObj.getShareButton().click();\n// Setting permission in browser to read copied text. This line should be commented while running on CircleCI.\n// cy.wrap(\n//   Cypress.automation('remote:debugger:protocol', {\n//     command: 'Browser.grantPermissions',\n//     params: {\n//       permissions: ['clipboardReadWrite', 'clipboardSanitizedWrite'],\n//       origin: window.location.origin,\n//     },\n//   })\n// );\n// Cliking the Copy button\nactionsObj.getCopyButton().click();\n// Giving permission to read clipboard\ncy.window()\n    .its('navigator.permissions')\n    .invoke('query', { name: 'clipboard-read' })\n    .its('state')\n    .then(cy.log);\n// Reading the text copied in clipboard\ncy.window()\n    .its('navigator.clipboard')\n    .invoke('readText')\n    .should('equal', 'https://w3w.co/certified.potato.vine');\n//  Share settings link & text\nactionsObj\n    .getShareSettingsLink()\n    .should('have.text', 'Customise share settings');\n//  Facebook button & text\nactionsObj\n    .getFacebookButton()\n    .children('div')\n    .should('have.text', 'Facebook');\n//  Whatsapp button & text\nactionsObj\n    .getWhatsAppButton()\n    .children('div')\n    .should('have.text', 'Whatsapp');\n//  Twitter button & text\nactionsObj\n    .getTwitterButton()\n    .children('div')\n    .should('have.text', 'Twitter');\n//  Copy Link button & text\nactionsObj\n    .getCopyLinkButton()\n    .children('div')\n    .should('have.text', 'Copy Link');\n//  Email button & text\nactionsObj.getEmailButton().children('div').should('have.text', 'Email');",
              "err": {
                "message": "TypeError: Cannot set property message of [object DOMException] which has only a getter",
                "estack": "TypeError: Cannot set property message of [object DOMException] which has only a getter\n    at Module.modifyErrMsg (https://what3words.com/__cypress/runner/cypress_runner.js:160443:15)\n    at $Cy.retry (https://what3words.com/__cypress/runner/cypress_runner.js:152770:41)\n    at https://what3words.com/__cypress/runner/cypress_runner.js:141582:19\n    at tryCatcher (https://what3words.com/__cypress/runner/cypress_runner.js:13222:23)\n    at Promise._settlePromiseFromHandler (https://what3words.com/__cypress/runner/cypress_runner.js:11157:31)\n    at Promise._settlePromise (https://what3words.com/__cypress/runner/cypress_runner.js:11214:18)\n    at Promise._settlePromise0 (https://what3words.com/__cypress/runner/cypress_runner.js:11259:10)\n    at Promise._settlePromises (https://what3words.com/__cypress/runner/cypress_runner.js:11335:18)\n    at _drainQueueStep (https://what3words.com/__cypress/runner/cypress_runner.js:7929:12)\n    at _drainQueue (https://what3words.com/__cypress/runner/cypress_runner.js:7922:9)\n    at Async.../../node_modules/bluebird/js/release/async.js.Async._drainQueues (https://what3words.com/__cypress/runner/cypress_runner.js:7938:5)\n    at Async.drainQueues (https://what3words.com/__cypress/runner/cypress_runner.js:7808:14)",
                "diff": null
              },
              "uuid": "1228b41b-1933-418e-a8bf-ba511fa6e928",
              "parentUUID": "f3e6dbd5-555e-4a57-85e2-4d0889acd175",
              "isHook": false,
              "skipped": false
            }
          ],
          "suites": [],
          "passes": [],
          "failures": [
            "1228b41b-1933-418e-a8bf-ba511fa6e928"
          ],
          "pending": [],
          "skipped": [],
          "duration": 19180,
          "root": false,
          "rootEmpty": false,
          "_timeout": 2000
        }
      ],
      "passes": [],
      "failures": [],
      "pending": [],
      "skipped": [],
      "duration": 0,
      "root": true,
      "rootEmpty": true,
      "_timeout": 2000
    },
    {
      "uuid": "868a6d49-711e-4719-92dc-d1dbb89d4869",
      "title": "",
      "fullFile": "cypress/integration/task1.spec.ts",
      "file": "cypress/integration/task1.spec.ts",
      "beforeHooks": [],
      "afterHooks": [],
      "tests": [],
      "suites": [
        {
          "uuid": "d381e8ed-54fd-4b0b-b95c-a6d6f79fa512",
          "title": "Task 1: Functional automation for web UI testing using Cypress",
          "fullFile": "",
          "file": "",
          "beforeHooks": [],
          "afterHooks": [],
          "tests": [
            {
              "title": "TC_01",
              "fullTitle": "Task 1: Functional automation for web UI testing using Cypress TC_01",
              "timedOut": null,
              "duration": 8535,
              "state": "passed",
              "speed": "slow",
              "pass": true,
              "fail": false,
              "pending": false,
              "context": null,
              "code": "cy.navigateToApplication();\nlandPageObj.getSearchBox().type(testdata.codeAddress);\nlandPageObj.selectAddressFromCodeSearchResult(testdata.codeAddress);\ncy.screenshot();",
              "err": {},
              "uuid": "0dfff1a5-5317-4448-9b00-21299b57efbe",
              "parentUUID": "d381e8ed-54fd-4b0b-b95c-a6d6f79fa512",
              "isHook": false,
              "skipped": false
            },
            {
              "title": "TC_02",
              "fullTitle": "Task 1: Functional automation for web UI testing using Cypress TC_02",
              "timedOut": null,
              "duration": 6994,
              "state": "passed",
              "speed": "slow",
              "pass": true,
              "fail": false,
              "pending": false,
              "context": null,
              "code": "cy.navigateToApplication();\nlandPageObj.getSearchBox().type('Tower Bridge'); //Partial text so did not use fixtures\nlandPageObj.selectAddressFromKeywordSearchResult('Tower Bridge hotel');\ncy.screenshot();",
              "err": {},
              "uuid": "feccfe5e-a846-4a90-8dea-be2bc0c920a3",
              "parentUUID": "d381e8ed-54fd-4b0b-b95c-a6d6f79fa512",
              "isHook": false,
              "skipped": false
            },
            {
              "title": "TC_03",
              "fullTitle": "Task 1: Functional automation for web UI testing using Cypress TC_03",
              "timedOut": null,
              "duration": 6745,
              "state": "passed",
              "speed": "slow",
              "pass": true,
              "fail": false,
              "pending": false,
              "context": null,
              "code": "cy.navigateToApplication();\nheaderMenuObj.getHeaderMenuButton().click();\nheaderMenuObj.getLanguageSelection().click();\nheaderMenuObj.selectLanguage(testdata.language.German);\nheaderMenuObj.getHeaderMenuCloseButton();\nlandPageObj.getSearchBox().type('51.521251, -0.20358600');\nlandPageObj.selectAddressFromKeywordSearchResult('welche.tischtennis.bekannte');\ncy.screenshot();",
              "err": {},
              "uuid": "f44509fb-2262-4562-96dc-d0ad473dffc2",
              "parentUUID": "d381e8ed-54fd-4b0b-b95c-a6d6f79fa512",
              "isHook": false,
              "skipped": false
            },
            {
              "title": "TC_04",
              "fullTitle": "Task 1: Functional automation for web UI testing using Cypress TC_04",
              "timedOut": null,
              "duration": 6209,
              "state": "passed",
              "speed": "slow",
              "pass": true,
              "fail": false,
              "pending": false,
              "context": null,
              "code": "cy.navigateToApplication();\nlandPageObj.getSearchBox().type('hear.limited.frown.know');\nlandPageObj.verifyWarningLine1Text('No address found.');\nlandPageObj.verifyWarningLine2Text('Please try searching for the town or nearby place and zoom in to find the what3words address.');\ncy.screenshot();",
              "err": {},
              "uuid": "a3588140-2876-441c-9c63-2ca7839e4b2e",
              "parentUUID": "d381e8ed-54fd-4b0b-b95c-a6d6f79fa512",
              "isHook": false,
              "skipped": false
            }
          ],
          "suites": [],
          "passes": [
            "0dfff1a5-5317-4448-9b00-21299b57efbe",
            "feccfe5e-a846-4a90-8dea-be2bc0c920a3",
            "f44509fb-2262-4562-96dc-d0ad473dffc2",
            "a3588140-2876-441c-9c63-2ca7839e4b2e"
          ],
          "failures": [],
          "pending": [],
          "skipped": [],
          "duration": 28483,
          "root": false,
          "rootEmpty": false,
          "_timeout": 2000
        }
      ],
      "passes": [],
      "failures": [],
      "pending": [],
      "skipped": [],
      "duration": 0,
      "root": true,
      "rootEmpty": true,
      "_timeout": 2000
    },
    {
      "uuid": "db696bd5-2ec0-4d60-98e5-4e7f60637123",
      "title": "",
      "fullFile": "cypress/integration/task2.spec.ts",
      "file": "cypress/integration/task2.spec.ts",
      "beforeHooks": [],
      "afterHooks": [],
      "tests": [],
      "suites": [
        {
          "uuid": "b487a2f8-14f3-489c-8c5a-88ec30744b11",
          "title": "Task 2: Share - action tab functionality testing using Cypress",
          "fullFile": "",
          "file": "",
          "beforeHooks": [],
          "afterHooks": [],
          "tests": [
            {
              "title": "TC_05",
              "fullTitle": "Task 2: Share - action tab functionality testing using Cypress TC_05",
              "timedOut": null,
              "duration": 8296,
              "state": "passed",
              "speed": "slow",
              "pass": true,
              "fail": false,
              "pending": false,
              "context": null,
              "code": "cy.navigateToApplication();\nlandPageObj.getSearchBox().type(testdata.codeAddress);\nlandPageObj.selectAddressFromCodeSearchResult(testdata.codeAddress);\nactionsObj.getShareButton().click();\n// Setting permission in browser to read copied text. This line should be commented while running on CircleCI.\ncy.wrap(Cypress.automation('remote:debugger:protocol', {\n    command: 'Browser.grantPermissions',\n    params: {\n        permissions: ['clipboardReadWrite', 'clipboardSanitizedWrite'],\n        origin: window.location.origin,\n    },\n}));\n// Cliking the Copy button\nactionsObj.getCopyButton().click();\n// Giving permission to read clipboard\ncy.window()\n    .its('navigator.permissions')\n    .invoke('query', { name: 'clipboard-read' })\n    .its('state')\n    .then(cy.log);\n// Reading the text copied in clipboard\ncy.window()\n    .its('navigator.clipboard')\n    .invoke('readText')\n    .should('equal', 'https://w3w.co/certified.potato.vine');\n//  Share settings link & text\nactionsObj\n    .getShareSettingsLink()\n    .should('have.text', 'Customise share settings');\n//  Facebook button & text\nactionsObj\n    .getFacebookButton()\n    .children('div')\n    .should('have.text', 'Facebook');\n//  Whatsapp button & text\nactionsObj\n    .getWhatsAppButton()\n    .children('div')\n    .should('have.text', 'Whatsapp');\n//  Twitter button & text\nactionsObj\n    .getTwitterButton()\n    .children('div')\n    .should('have.text', 'Twitter');\n//  Copy Link button & text\nactionsObj\n    .getCopyLinkButton()\n    .children('div')\n    .should('have.text', 'Copy Link');\n//  Email button & text\nactionsObj.getEmailButton().children('div').should('have.text', 'Email');",
              "err": {},
              "uuid": "e6e346d9-d541-4ad5-8ba6-e0e62efc2cc6",
              "parentUUID": "b487a2f8-14f3-489c-8c5a-88ec30744b11",
              "isHook": false,
              "skipped": false
            }
          ],
          "suites": [],
          "passes": [
            "e6e346d9-d541-4ad5-8ba6-e0e62efc2cc6"
          ],
          "failures": [],
          "pending": [],
          "skipped": [],
          "duration": 8296,
          "root": false,
          "rootEmpty": false,
          "_timeout": 2000
        }
      ],
      "passes": [],
      "failures": [],
      "pending": [],
      "skipped": [],
      "duration": 0,
      "root": true,
      "rootEmpty": true,
      "_timeout": 2000
    },
    {
      "uuid": "2d424133-90ad-499e-97b3-ece9cfe42d8b",
      "title": "",
      "fullFile": "cypress/integration/task1.spec.ts",
      "file": "cypress/integration/task1.spec.ts",
      "beforeHooks": [],
      "afterHooks": [],
      "tests": [],
      "suites": [
        {
          "uuid": "6b52338c-b928-4795-91ed-008bc91e1700",
          "title": "Task 1: Functional automation for web UI testing using Cypress",
          "fullFile": "",
          "file": "",
          "beforeHooks": [],
          "afterHooks": [],
          "tests": [
            {
              "title": "TC_01",
              "fullTitle": "Task 1: Functional automation for web UI testing using Cypress TC_01",
              "timedOut": null,
              "duration": 8251,
              "state": "passed",
              "speed": "slow",
              "pass": true,
              "fail": false,
              "pending": false,
              "context": null,
              "code": "cy.navigateToApplication();\nlandPageObj.getSearchBox().type(testdata.codeAddress);\nlandPageObj.selectAddressFromCodeSearchResult(testdata.codeAddress);\ncy.screenshot();",
              "err": {},
              "uuid": "adf31d67-d919-4de2-bdd6-1d43d01998e4",
              "parentUUID": "6b52338c-b928-4795-91ed-008bc91e1700",
              "isHook": false,
              "skipped": false
            },
            {
              "title": "TC_02",
              "fullTitle": "Task 1: Functional automation for web UI testing using Cypress TC_02",
              "timedOut": null,
              "duration": 6098,
              "state": "passed",
              "speed": "slow",
              "pass": true,
              "fail": false,
              "pending": false,
              "context": null,
              "code": "cy.navigateToApplication();\nlandPageObj.getSearchBox().type('Tower Bridge'); //Partial text so did not use fixtures\nlandPageObj.selectAddressFromKeywordSearchResult('Tower Bridge hotel');\ncy.screenshot();",
              "err": {},
              "uuid": "e54c0d3b-6d43-4a68-985c-ba90d6e40d0f",
              "parentUUID": "6b52338c-b928-4795-91ed-008bc91e1700",
              "isHook": false,
              "skipped": false
            },
            {
              "title": "TC_03",
              "fullTitle": "Task 1: Functional automation for web UI testing using Cypress TC_03",
              "timedOut": null,
              "duration": 6512,
              "state": "passed",
              "speed": "slow",
              "pass": true,
              "fail": false,
              "pending": false,
              "context": null,
              "code": "cy.navigateToApplication();\nheaderMenuObj.getHeaderMenuButton().click();\nheaderMenuObj.getLanguageSelection().click();\nheaderMenuObj.selectLanguage(testdata.language.German);\nheaderMenuObj.getHeaderMenuCloseButton();\nlandPageObj.getSearchBox().type('51.521251, -0.20358600');\nlandPageObj.selectAddressFromKeywordSearchResult('welche.tischtennis.bekannte');\ncy.screenshot();",
              "err": {},
              "uuid": "6f6ef1b7-2301-4130-9ec7-d29fc4529727",
              "parentUUID": "6b52338c-b928-4795-91ed-008bc91e1700",
              "isHook": false,
              "skipped": false
            },
            {
              "title": "TC_04",
              "fullTitle": "Task 1: Functional automation for web UI testing using Cypress TC_04",
              "timedOut": null,
              "duration": 6087,
              "state": "passed",
              "speed": "slow",
              "pass": true,
              "fail": false,
              "pending": false,
              "context": null,
              "code": "cy.navigateToApplication();\nlandPageObj.getSearchBox().type('hear.limited.frown.know');\nlandPageObj.verifyWarningLine1Text('No address found.');\nlandPageObj.verifyWarningLine2Text('Please try searching for the town or nearby place and zoom in to find the what3words address.');\ncy.screenshot();",
              "err": {},
              "uuid": "4e5b8a44-3b77-4909-9c7b-768afcb8d4c4",
              "parentUUID": "6b52338c-b928-4795-91ed-008bc91e1700",
              "isHook": false,
              "skipped": false
            }
          ],
          "suites": [],
          "passes": [
            "adf31d67-d919-4de2-bdd6-1d43d01998e4",
            "e54c0d3b-6d43-4a68-985c-ba90d6e40d0f",
            "6f6ef1b7-2301-4130-9ec7-d29fc4529727",
            "4e5b8a44-3b77-4909-9c7b-768afcb8d4c4"
          ],
          "failures": [],
          "pending": [],
          "skipped": [],
          "duration": 26948,
          "root": false,
          "rootEmpty": false,
          "_timeout": 2000
        }
      ],
      "passes": [],
      "failures": [],
      "pending": [],
      "skipped": [],
      "duration": 0,
      "root": true,
      "rootEmpty": true,
      "_timeout": 2000
    },
    {
      "uuid": "75f9e1ff-93ba-4d51-bfc3-0a81072f5998",
      "title": "",
      "fullFile": "cypress/integration/task2.spec.ts",
      "file": "cypress/integration/task2.spec.ts",
      "beforeHooks": [],
      "afterHooks": [],
      "tests": [],
      "suites": [
        {
          "uuid": "72a1d99b-23b1-44b9-aa1e-5a732d4cd4bd",
          "title": "Task 2: Share - action tab functionality testing using Cypress",
          "fullFile": "",
          "file": "",
          "beforeHooks": [],
          "afterHooks": [],
          "tests": [
            {
              "title": "TC_05",
              "fullTitle": "Task 2: Share - action tab functionality testing using Cypress TC_05",
              "timedOut": null,
              "duration": 18394,
              "state": "failed",
              "speed": null,
              "pass": false,
              "fail": true,
              "pending": false,
              "context": null,
              "code": "cy.navigateToApplication();\nlandPageObj.getSearchBox().type(testdata.codeAddress);\nlandPageObj.selectAddressFromCodeSearchResult(testdata.codeAddress);\nactionsObj.getShareButton().click();\n// Setting permission in browser to read copied text. This line should be commented while running on CircleCI.\n// cy.wrap(\n//   Cypress.automation('remote:debugger:protocol', {\n//     command: 'Browser.grantPermissions',\n//     params: {\n//       permissions: ['clipboardReadWrite', 'clipboardSanitizedWrite'],\n//       origin: window.location.origin,\n//     },\n//   })\n// );\n// Cliking the Copy button\nactionsObj.getCopyButton().click();\n// Giving permission to read clipboard\ncy.window()\n    .its('navigator.permissions')\n    .invoke('query', { name: 'clipboard-read' })\n    .its('state')\n    .then(cy.log);\n// Reading the text copied in clipboard\ncy.window()\n    .its('navigator.clipboard')\n    .invoke('readText')\n    .should('equal', 'https://w3w.co/certified.potato.vine');\n//  Share settings link & text\nactionsObj\n    .getShareSettingsLink()\n    .should('have.text', 'Customise share settings');\n//  Facebook button & text\nactionsObj\n    .getFacebookButton()\n    .children('div')\n    .should('have.text', 'Facebook');\n//  Whatsapp button & text\nactionsObj\n    .getWhatsAppButton()\n    .children('div')\n    .should('have.text', 'Whatsapp');\n//  Twitter button & text\nactionsObj\n    .getTwitterButton()\n    .children('div')\n    .should('have.text', 'Twitter');\n//  Copy Link button & text\nactionsObj\n    .getCopyLinkButton()\n    .children('div')\n    .should('have.text', 'Copy Link');\n//  Email button & text\nactionsObj.getEmailButton().children('div').should('have.text', 'Email');",
              "err": {
                "message": "TypeError: Cannot set property message of [object DOMException] which has only a getter",
                "estack": "TypeError: Cannot set property message of [object DOMException] which has only a getter\n    at Module.modifyErrMsg (https://what3words.com/__cypress/runner/cypress_runner.js:160443:15)\n    at $Cy.retry (https://what3words.com/__cypress/runner/cypress_runner.js:152770:41)\n    at https://what3words.com/__cypress/runner/cypress_runner.js:141582:19\n    at tryCatcher (https://what3words.com/__cypress/runner/cypress_runner.js:13222:23)\n    at Promise._settlePromiseFromHandler (https://what3words.com/__cypress/runner/cypress_runner.js:11157:31)\n    at Promise._settlePromise (https://what3words.com/__cypress/runner/cypress_runner.js:11214:18)\n    at Promise._settlePromise0 (https://what3words.com/__cypress/runner/cypress_runner.js:11259:10)\n    at Promise._settlePromises (https://what3words.com/__cypress/runner/cypress_runner.js:11335:18)\n    at _drainQueueStep (https://what3words.com/__cypress/runner/cypress_runner.js:7929:12)\n    at _drainQueue (https://what3words.com/__cypress/runner/cypress_runner.js:7922:9)\n    at Async.../../node_modules/bluebird/js/release/async.js.Async._drainQueues (https://what3words.com/__cypress/runner/cypress_runner.js:7938:5)\n    at Async.drainQueues (https://what3words.com/__cypress/runner/cypress_runner.js:7808:14)",
                "diff": null
              },
              "uuid": "300e02c7-0857-4a5a-bf79-17032621ff12",
              "parentUUID": "72a1d99b-23b1-44b9-aa1e-5a732d4cd4bd",
              "isHook": false,
              "skipped": false
            }
          ],
          "suites": [],
          "passes": [],
          "failures": [
            "300e02c7-0857-4a5a-bf79-17032621ff12"
          ],
          "pending": [],
          "skipped": [],
          "duration": 18394,
          "root": false,
          "rootEmpty": false,
          "_timeout": 2000
        }
      ],
      "passes": [],
      "failures": [],
      "pending": [],
      "skipped": [],
      "duration": 0,
      "root": true,
      "rootEmpty": true,
      "_timeout": 2000
    },
    {
      "uuid": "c958c7c1-3710-4f7f-8369-16f2c851d897",
      "title": "",
      "fullFile": "cypress/integration/task1.spec.ts",
      "file": "cypress/integration/task1.spec.ts",
      "beforeHooks": [],
      "afterHooks": [],
      "tests": [],
      "suites": [
        {
          "uuid": "9f8ade8a-af9b-47dd-923a-0caadd8b284e",
          "title": "Task 1: Functional automation for web UI testing using Cypress",
          "fullFile": "",
          "file": "",
          "beforeHooks": [],
          "afterHooks": [],
          "tests": [
            {
              "title": "TC_01",
              "fullTitle": "Task 1: Functional automation for web UI testing using Cypress TC_01",
              "timedOut": null,
              "duration": 7259,
              "state": "passed",
              "speed": "slow",
              "pass": true,
              "fail": false,
              "pending": false,
              "context": null,
              "code": "cy.navigateToApplication();\nlandPageObj.getSearchBox().type(testdata.codeAddress);\nlandPageObj.selectAddressFromCodeSearchResult(testdata.codeAddress);\ncy.screenshot();",
              "err": {},
              "uuid": "1e61dc75-1881-4996-8f29-434b53e551a8",
              "parentUUID": "9f8ade8a-af9b-47dd-923a-0caadd8b284e",
              "isHook": false,
              "skipped": false
            },
            {
              "title": "TC_02",
              "fullTitle": "Task 1: Functional automation for web UI testing using Cypress TC_02",
              "timedOut": null,
              "duration": 6443,
              "state": "passed",
              "speed": "slow",
              "pass": true,
              "fail": false,
              "pending": false,
              "context": null,
              "code": "cy.navigateToApplication();\nlandPageObj.getSearchBox().type('Tower Bridge'); //Partial text so did not use fixtures\nlandPageObj.selectAddressFromKeywordSearchResult('Tower Bridge hotel');\ncy.screenshot();",
              "err": {},
              "uuid": "b48ce8ac-a869-44dc-8d9f-9b60b7dc19be",
              "parentUUID": "9f8ade8a-af9b-47dd-923a-0caadd8b284e",
              "isHook": false,
              "skipped": false
            },
            {
              "title": "TC_03",
              "fullTitle": "Task 1: Functional automation for web UI testing using Cypress TC_03",
              "timedOut": null,
              "duration": 6758,
              "state": "passed",
              "speed": "slow",
              "pass": true,
              "fail": false,
              "pending": false,
              "context": null,
              "code": "cy.navigateToApplication();\nheaderMenuObj.getHeaderMenuButton().click();\nheaderMenuObj.getLanguageSelection().click();\nheaderMenuObj.selectLanguage(testdata.language.German);\nheaderMenuObj.getHeaderMenuCloseButton();\nlandPageObj.getSearchBox().type('51.521251, -0.20358600');\nlandPageObj.selectAddressFromKeywordSearchResult('welche.tischtennis.bekannte');\ncy.screenshot();",
              "err": {},
              "uuid": "558ae14f-dfbe-4f29-a693-2e64e270142d",
              "parentUUID": "9f8ade8a-af9b-47dd-923a-0caadd8b284e",
              "isHook": false,
              "skipped": false
            },
            {
              "title": "TC_04",
              "fullTitle": "Task 1: Functional automation for web UI testing using Cypress TC_04",
              "timedOut": null,
              "duration": 6303,
              "state": "passed",
              "speed": "slow",
              "pass": true,
              "fail": false,
              "pending": false,
              "context": null,
              "code": "cy.navigateToApplication();\nlandPageObj.getSearchBox().type('hear.limited.frown.know');\nlandPageObj.verifyWarningLine1Text('No address found.');\nlandPageObj.verifyWarningLine2Text('Please try searching for the town or nearby place and zoom in to find the what3words address.');\ncy.screenshot();",
              "err": {},
              "uuid": "36b862ec-1aa0-4e38-9b1f-5e94af4c92a1",
              "parentUUID": "9f8ade8a-af9b-47dd-923a-0caadd8b284e",
              "isHook": false,
              "skipped": false
            }
          ],
          "suites": [],
          "passes": [
            "1e61dc75-1881-4996-8f29-434b53e551a8",
            "b48ce8ac-a869-44dc-8d9f-9b60b7dc19be",
            "558ae14f-dfbe-4f29-a693-2e64e270142d",
            "36b862ec-1aa0-4e38-9b1f-5e94af4c92a1"
          ],
          "failures": [],
          "pending": [],
          "skipped": [],
          "duration": 26763,
          "root": false,
          "rootEmpty": false,
          "_timeout": 2000
        }
      ],
      "passes": [],
      "failures": [],
      "pending": [],
      "skipped": [],
      "duration": 0,
      "root": true,
      "rootEmpty": true,
      "_timeout": 2000
    }
  ],
  "meta": {
    "mocha": {
      "version": "7.0.1"
    },
    "mochawesome": {
      "options": {
        "quiet": false,
        "reportFilename": "mochawesome",
        "saveHtml": false,
        "saveJson": true,
        "consoleReporter": "spec",
        "useInlineDiffs": false,
        "code": true
      },
      "version": "6.2.2"
    },
    "marge": {
      "options": {
        "id": "default",
        "reportDir": "cypress/reports/mocha",
        "quite": true,
        "overwrite": false,
        "html": false,
        "json": true
      },
      "version": "5.2.0"
    }
  }
}